<?xml version="1.0" encoding="UTF-8"?>
<!-- Generated by org.testng.reporters.JUnitXMLReporter -->
<testsuite ignored="0" hostname="KRUSHNA" failures="2" tests="3" name="Test" time="22.715" errors="0" timestamp="2024-12-01T01:19:47 IST">
  <testcase classname="io.cucumber.testng.AbstractTestNGCucumberTests" name="runScenario" time="8.652">
    <failure type="java.lang.AssertionError" message="null">
      <![CDATA[java.lang.AssertionError: null
at stepDefinitions.StepDefinition.verify_user_is_on_another_page(StepDefinition.java:46)
at ✽.verify user is on another page(file:///D:/Software_Testing/Automation_Projects/WorkSpace1/AutomationFramework/src/main/java/Features/PracticePage.feature:11)
... Removed 2 stack frames]]>
    </failure>
  </testcase> <!-- runScenario -->
  <testcase classname="io.cucumber.testng.AbstractTestNGCucumberTests" name="runScenario" time="12.151"/>
  <testcase classname="io.cucumber.testng.AbstractTestNGCucumberTests" name="runScenario" time="9.792">
    <failure type="java.lang.AssertionError" message="null">
      <![CDATA[java.lang.AssertionError: null
at stepDefinitions.StepDefinition.verify_user_is_on_another_page(StepDefinition.java:46)
at ✽.verify user is on another page(file:///D:/Software_Testing/Automation_Projects/WorkSpace1/AutomationFramework/src/main/java/Features/PracticePage.feature:11)
... Removed 2 stack frames]]>
    </failure>
  </testcase> <!-- runScenario -->
</testsuite> <!-- Test -->
