<?xml version="1.0" encoding="UTF-8"?>
<!-- Generated by org.testng.reporters.JUnitReportReporter -->
<testsuite hostname="KRUSHNA" failures="1" tests="2" name="Runner.CucumberRunner" time="20.803" errors="0" timestamp="2024-12-01T01:19:47 IST" skipped="0">
  <testcase classname="Runner.CucumberRunner" name="runScenario" time="12.151"/>
  <system-out/>
  <testcase classname="Runner.CucumberRunner" name="runScenario" time="8.652">
    <failure message="null" type="java.lang.AssertionError">
      <![CDATA[java.lang.AssertionError: null
at org.testng.Assert.fail(Assert.java:110)
at org.testng.Assert.fail(Assert.java:115)
at stepDefinitions.StepDefinition.verify_user_is_on_another_page(StepDefinition.java:46)
at âœ½.verify user is on another page(file:///D:/Software_Testing/Automation_Projects/WorkSpace1/AutomationFramework/src/main/java/Features/PracticePage.feature:11)
]]>
    </failure>
  </testcase> <!-- runScenario -->
  <system-out/>
</testsuite> <!-- Runner.CucumberRunner -->
